<?xml version="1.0" encoding="UTF-8"?>
<testng-results ignored="0" total="1" passed="1" failed="0" skipped="0">
  <reporter-output>
  </reporter-output>
  <suite started-at="2025-08-02T13:14:03 IST" name="Default suite" finished-at="2025-08-02T13:14:05 IST" duration-ms="1984">
    <groups>
    </groups>
    <test started-at="2025-08-02T13:14:03 IST" name="Default test" finished-at="2025-08-02T13:14:05 IST" duration-ms="1984">
      <class name="SeleniumFAQs.PdfReader">
        <test-method signature="pdfReaderText()[pri:0, instance:SeleniumFAQs.PdfReader@385c9627]" started-at="2025-08-02T13:14:03 IST" name="pdfReaderText" finished-at="2025-08-02T13:14:05 IST" duration-ms="1945" status="PASS">
          <reporter-output>
          </reporter-output>
        </test-method> <!-- pdfReaderText -->
      </class> <!-- SeleniumFAQs.PdfReader -->
    </test> <!-- Default test -->
  </suite> <!-- Default suite -->
</testng-results>
